<?xml version="1.0" encoding="UTF-8"?>
<!-- Generated by org.testng.reporters.JUnitXMLReporter -->
<testsuite hostname="WSRV01" name="Audit" tests="3" failures="0" timestamp="22 Sep 2016 07:23:35 GMT" time="35.326" errors="0">
  <testcase name="signIn" time="3.507" classname="com.randtronics.dpm.filemanager.executionEngine.EventConfig_Test"/>
  <testcase name="addEventActionRule_Valid" time="27.628" classname="com.randtronics.dpm.filemanager.executionEngine.EventConfig_Test"/>
  <testcase name="signOut" time="0.7" classname="com.randtronics.dpm.filemanager.executionEngine.EventConfig_Test"/>
</testsuite> <!-- Audit -->
