<?xml version="1.0" encoding="UTF-8"?>
<!-- Generated by org.testng.reporters.JUnitReportReporter -->
<testsuite hostname="WSRV01" name="com.randtronics.dpm.filemanager.executionEngine.PolicyRole_Test" tests="6" failures="0" timestamp="27 Sep 2016 12:40:45 GMT" time="40.306" errors="0">
  <testcase name="signIn" time="0.835" classname="com.randtronics.dpm.filemanager.executionEngine.PolicyRole_Test"/>
  <testcase name="modifyPolicyRole_Invalid" time="29.763" classname="com.randtronics.dpm.filemanager.executionEngine.PolicyRole_Test"/>
  <testcase name="signOut" time="0.553" classname="com.randtronics.dpm.filemanager.executionEngine.PolicyRole_Test"/>
  <testcase name="addPolicyRole_Valid" time="3.071" classname="com.randtronics.dpm.filemanager.executionEngine.PolicyRole_Test"/>
  <testcase name="addPolicyRole_Invalid" time="3.016" classname="com.randtronics.dpm.filemanager.executionEngine.PolicyRole_Test"/>
  <testcase name="modifyPolicyRole_Valid" time="3.068" classname="com.randtronics.dpm.filemanager.executionEngine.PolicyRole_Test"/>
</testsuite> <!-- com.randtronics.dpm.filemanager.executionEngine.PolicyRole_Test -->
